<?xml version="1.0" encoding="UTF-8"?>
<!-- Generated by org.testng.reporters.JUnitXMLReporter -->
<testsuite ignored="0" hostname="DESKTOP-NVH3FGP" failures="0" tests="3" name="Default test" time="118.137" errors="0" timestamp="2022-09-15T12:54:42 IST">
  <testcase classname="my.sixth.project6.RedBus" name="Netflix_page" time="29.024"/>
  <testcase classname="my.sixth.project6.RedBus" name="aha_page" time="35.344"/>
  <testcase classname="my.sixth.project6.RedBus" name="redbus_page" time="24.041"/>
</testsuite> <!-- Default test -->
